2025-04-21 20:13:10.480 | INFO     | main:main:50 - Nombre d'arbres utilisés pour la classification : 20
2025-04-21 20:13:10.480 | ERROR    | main:main:60 - DATA_PATH non configuré dans l'environnement !
2025-04-21 20:15:15.152 | INFO     | main:main:50 - Nombre d'arbres utilisés pour la classification : 20
2025-04-21 20:15:15.152 | SUCCESS  | main:main:64 - API token configuré correctement
2025-04-21 20:15:15.152 | INFO     | main:main:72 - Chargement des données depuis /work/titanic_to_production/data/raw/data.csv
2025-04-21 20:15:15.154 | CRITICAL | main:main:75 - Fichier de données introuvable : /work/titanic_to_production/data/raw/data.csv
2025-04-21 20:15:15.154 | ERROR    | main:<module>:108 - An error has been caught in function '<module>', process 'MainProcess' (19183), thread 'MainThread' (139919285634880):
Traceback (most recent call last):

> File "/home/onyxia/work/titanic_to_production/main.py", line 108, in <module>
    main()
    └ <function main at 0x7f3f0431e5c0>

  File "/home/onyxia/work/titanic_to_production/main.py", line 73, in main
    TrainingData = pd.read_csv(data_path)
                   │  │        └ '/work/titanic_to_production/data/raw/data.csv'
                   │  └ <function read_csv at 0x7f3f0983b380>
                   └ <module 'pandas' from '/opt/conda/lib/python3.12/site-packages/pandas/__init__.py'>

  File "/opt/conda/lib/python3.12/site-packages/pandas/io/parsers/readers.py", line 1026, in read_csv
    return _read(filepath_or_buffer, kwds)
           │     │                   └ {'delimiter': ',', 'header': 'infer', 'names': None, 'index_col': None, 'usecols': None, 'dtype': None, 'engine': 'c', 'conve...
           │     └ '/work/titanic_to_production/data/raw/data.csv'
           └ <function _read at 0x7f3f0983afc0>
  File "/opt/conda/lib/python3.12/site-packages/pandas/io/parsers/readers.py", line 620, in _read
    parser = TextFileReader(filepath_or_buffer, **kwds)
             │              │                     └ {'delimiter': ',', 'header': 'infer', 'names': None, 'index_col': None, 'usecols': None, 'dtype': None, 'engine': 'c', 'conve...
             │              └ '/work/titanic_to_production/data/raw/data.csv'
             └ <class 'pandas.io.parsers.readers.TextFileReader'>
  File "/opt/conda/lib/python3.12/site-packages/pandas/io/parsers/readers.py", line 1620, in __init__
    self._engine = self._make_engine(f, self.engine)
    │              │    │            │  │    └ 'c'
    │              │    │            │  └ <pandas.io.parsers.readers.TextFileReader object at 0x7f3f05b60aa0>
    │              │    │            └ '/work/titanic_to_production/data/raw/data.csv'
    │              │    └ <function TextFileReader._make_engine at 0x7f3f0983bf60>
    │              └ <pandas.io.parsers.readers.TextFileReader object at 0x7f3f05b60aa0>
    └ <pandas.io.parsers.readers.TextFileReader object at 0x7f3f05b60aa0>
  File "/opt/conda/lib/python3.12/site-packages/pandas/io/parsers/readers.py", line 1880, in _make_engine
    self.handles = get_handle(
    │    │         └ <function get_handle at 0x7f3f09cdd580>
    │    └ None
    └ <pandas.io.parsers.readers.TextFileReader object at 0x7f3f05b60aa0>
  File "/opt/conda/lib/python3.12/site-packages/pandas/io/common.py", line 873, in get_handle
    handle = open(

FileNotFoundError: [Errno 2] No such file or directory: '/work/titanic_to_production/data/raw/data.csv'
2025-04-21 20:18:09.150 | INFO     | main:main:50 - Nombre d'arbres utilisés pour la classification : 20
2025-04-21 20:18:09.150 | SUCCESS  | main:main:67 - API token configuré correctement
2025-04-21 20:18:09.150 | INFO     | main:main:75 - Chargement des données depuis data/raw/data.csv
2025-04-21 20:18:09.156 | DEBUG    | main:main:87 - Séparation train/test
2025-04-21 20:18:09.186 | INFO     | main:main:92 - Données sauvegardées dans train.csv et test.csv
2025-04-21 20:18:09.186 | INFO     | main:main:97 - Création de la pipeline avec 20 arbres
2025-04-21 20:18:09.187 | INFO     | main:main:100 - Entraînement du modèle...
2025-04-21 20:18:09.245 | INFO     | main:main:103 - Évaluation du modèle...
2025-04-21 20:18:09.265 | SUCCESS  | main:main:106 - Performance du modèle : 83.3%
2025-04-21 20:18:09.265 | DEBUG    | main:main:107 - Matrice de confusion :
[[51 11]
 [ 4 24]]
2025-04-21 20:18:46.460 | INFO     | main:main:50 - Nombre d'arbres utilisés pour la classification : 20
2025-04-21 20:18:46.460 | SUCCESS  | main:main:67 - API token configuré correctement
2025-04-21 20:18:46.460 | INFO     | main:main:75 - Chargement des données depuis data/raw/data.csv
2025-04-21 20:18:46.467 | DEBUG    | main:main:87 - Séparation train/test
2025-04-21 20:18:46.483 | INFO     | main:main:92 - Données sauvegardées dans train.csv et test.csv
2025-04-21 20:18:46.483 | INFO     | main:main:97 - Création de la pipeline avec 20 arbres
2025-04-21 20:18:46.483 | INFO     | main:main:100 - Entraînement du modèle...
2025-04-21 20:18:46.543 | INFO     | main:main:103 - Évaluation du modèle...
2025-04-21 20:18:46.562 | SUCCESS  | main:main:106 - Performance du modèle : 72.2%
2025-04-21 20:18:46.563 | DEBUG    | main:main:107 - Matrice de confusion :
[[44 10]
 [15 21]]
2025-04-21 20:18:59.538 | INFO     | main:main:50 - Nombre d'arbres utilisés pour la classification : 20
2025-04-21 20:18:59.538 | SUCCESS  | main:main:67 - API token configuré correctement
2025-04-21 20:18:59.538 | INFO     | main:main:75 - Chargement des données depuis data/raw/data.csv
2025-04-21 20:18:59.547 | DEBUG    | main:main:87 - Séparation train/test
2025-04-21 20:18:59.560 | INFO     | main:main:92 - Données sauvegardées dans train.csv et test.csv
2025-04-21 20:18:59.560 | INFO     | main:main:97 - Création de la pipeline avec 20 arbres
2025-04-21 20:18:59.560 | INFO     | main:main:100 - Entraînement du modèle...
2025-04-21 20:18:59.616 | INFO     | main:main:103 - Évaluation du modèle...
2025-04-21 20:18:59.633 | SUCCESS  | main:main:106 - Performance du modèle : 76.7%
2025-04-21 20:18:59.633 | DEBUG    | main:main:107 - Matrice de confusion :
[[49  5]
 [16 20]]
2025-04-21 20:54:12.116 | INFO     | main:main:52 - Nombre d'arbres utilisés pour la classification : 20
2025-04-21 20:54:12.116 | SUCCESS  | main:main:69 - API token configuré correctement
2025-04-21 20:54:12.116 | INFO     | main:main:77 - Chargement des données depuis https://minio.lab.sspcloud.fr/fabienhos/titanic/data/raw/data.csv
2025-04-21 20:54:12.175 | DEBUG    | main:main:89 - Séparation train/test
2025-04-21 20:54:12.229 | INFO     | main:main:94 - Données sauvegardées dans train.parquet et test.parquet
2025-04-21 20:54:12.229 | INFO     | main:main:99 - Création de la pipeline avec 20 arbres
2025-04-21 20:54:12.229 | INFO     | main:main:102 - Entraînement du modèle...
2025-04-21 20:54:12.286 | INFO     | main:main:105 - Évaluation du modèle...
2025-04-21 20:54:12.305 | SUCCESS  | main:main:108 - Performance du modèle : 81.1%
2025-04-21 20:54:12.305 | DEBUG    | main:main:109 - Matrice de confusion :
[[46  8]
 [ 9 27]]
2025-04-21 20:58:41.587 | INFO     | main:main:49 - Nombre d'arbres utilisés pour la classification : 20
2025-04-21 20:58:41.588 | SUCCESS  | main:main:64 - API token configuré correctement
2025-04-21 20:58:41.588 | INFO     | main:main:72 - Chargement des données depuis https://minio.lab.sspcloud.fr/fabienhos/titanic/data/raw/data.csv
2025-04-21 20:58:41.654 | DEBUG    | main:main:84 - Séparation train/test
2025-04-21 20:58:41.693 | INFO     | main:main:89 - Données sauvegardées dans train.parquet et test.parquet
2025-04-21 20:58:41.693 | INFO     | main:main:94 - Création de la pipeline avec 20 arbres
2025-04-21 20:58:41.693 | INFO     | main:main:97 - Entraînement du modèle...
2025-04-21 20:58:41.738 | INFO     | main:main:100 - Évaluation du modèle...
2025-04-21 20:58:41.756 | SUCCESS  | main:main:103 - Performance du modèle : 71.1%
2025-04-21 20:58:41.757 | DEBUG    | main:main:104 - Matrice de confusion :
[[43 14]
 [12 21]]
